<?xml version="1.0" encoding="UTF-8"?>
<coverage generated="1611447725355" clover="3.2.0">
  <project timestamp="1611447725355" name="All files">
    <metrics statements="32" coveredstatements="32" conditionals="8" coveredconditionals="8" methods="14" coveredmethods="14" elements="54" coveredelements="54" complexity="0" loc="32" ncloc="32" packages="1" files="6" classes="6"/>
    <file name="CitySearch.js" path="/Users/mccotter/McCotter/McCotter Portfolio/04 Acheivement 4/social-eyes/src/CitySearch.js">
      <metrics statements="11" coveredstatements="11" conditionals="0" coveredconditionals="0" methods="6" coveredmethods="6"/>
      <line num="4" count="1" type="stmt"/>
      <line num="8" count="1" type="stmt"/>
      <line num="9" count="2" type="stmt"/>
      <line num="10" count="2" type="stmt"/>
      <line num="11" count="4" type="stmt"/>
      <line num="13" count="2" type="stmt"/>
      <line num="18" count="1" type="stmt"/>
      <line num="19" count="1" type="stmt"/>
      <line num="25" count="8" type="stmt"/>
      <line num="35" count="8" type="stmt"/>
      <line num="37" count="1" type="stmt"/>
    </file>
    <file name="Event.js" path="/Users/mccotter/McCotter/McCotter Portfolio/04 Acheivement 4/social-eyes/src/Event.js">
      <metrics statements="8" coveredstatements="8" conditionals="8" coveredconditionals="8" methods="2" coveredmethods="2"/>
      <line num="6" count="1" type="stmt"/>
      <line num="10" count="1" type="stmt"/>
      <line num="11" count="2" type="cond" truecount="2" falsecount="0"/>
      <line num="12" count="1" type="stmt"/>
      <line num="14" count="1" type="stmt"/>
      <line num="19" count="7" type="stmt"/>
      <line num="20" count="7" type="stmt"/>
      <line num="21" count="7" type="stmt"/>
    </file>
    <file name="EventList.js" path="/Users/mccotter/McCotter/McCotter Portfolio/04 Acheivement 4/social-eyes/src/EventList.js">
      <metrics statements="3" coveredstatements="3" conditionals="0" coveredconditionals="0" methods="2" coveredmethods="2"/>
      <line num="6" count="1" type="stmt"/>
      <line num="7" count="1" type="stmt"/>
      <line num="10" count="2" type="stmt"/>
    </file>
    <file name="NumberOfEvents.js" path="/Users/mccotter/McCotter/McCotter Portfolio/04 Acheivement 4/social-eyes/src/NumberOfEvents.js">
      <metrics statements="5" coveredstatements="5" conditionals="0" coveredconditionals="0" methods="2" coveredmethods="2"/>
      <line num="4" count="1" type="stmt"/>
      <line num="8" count="1" type="stmt"/>
      <line num="9" count="1" type="stmt"/>
      <line num="10" count="1" type="stmt"/>
      <line num="16" count="3" type="stmt"/>
    </file>
    <file name="api.js" path="/Users/mccotter/McCotter/McCotter Portfolio/04 Acheivement 4/social-eyes/src/api.js">
      <metrics statements="4" coveredstatements="4" conditionals="0" coveredconditionals="0" methods="2" coveredmethods="2"/>
      <line num="1" count="1" type="stmt"/>
      <line num="2" count="4" type="stmt"/>
      <line num="3" count="2" type="stmt"/>
      <line num="4" count="2" type="stmt"/>
    </file>
    <file name="mock-data.js" path="/Users/mccotter/McCotter/McCotter Portfolio/04 Acheivement 4/social-eyes/src/mock-data.js">
      <metrics statements="1" coveredstatements="1" conditionals="0" coveredconditionals="0" methods="0" coveredmethods="0"/>
      <line num="1" count="2" type="stmt"/>
    </file>
  </project>
</coverage>
