<?xml version="1.0" encoding="UTF-8"?>
<coverage generated="1611779568588" clover="3.2.0">
  <project timestamp="1611779568588" name="All files">
    <metrics statements="49" coveredstatements="49" conditionals="14" coveredconditionals="14" methods="24" coveredmethods="24" elements="87" coveredelements="87" complexity="0" loc="49" ncloc="49" packages="1" files="7" classes="7"/>
    <file name="App.js" path="/Users/mccotter/McCotter/McCotter Portfolio/04 Acheivement 4/social-eyes/src/App.js">
      <metrics statements="12" coveredstatements="12" conditionals="4" coveredconditionals="4" methods="7" coveredmethods="7"/>
      <line num="9" count="5" type="stmt"/>
      <line num="14" count="5" type="stmt"/>
      <line num="15" count="2" type="stmt"/>
      <line num="16" count="2" type="cond" truecount="2" falsecount="0"/>
      <line num="18" count="2" type="stmt"/>
      <line num="19" count="2" type="stmt"/>
      <line num="26" count="5" type="stmt"/>
      <line num="27" count="5" type="stmt"/>
      <line num="28" count="5" type="cond" truecount="2" falsecount="0"/>
      <line num="29" count="3" type="stmt"/>
      <line num="35" count="4" type="stmt"/>
      <line num="39" count="10" type="stmt"/>
    </file>
    <file name="CitySearch.js" path="/Users/mccotter/McCotter/McCotter Portfolio/04 Acheivement 4/social-eyes/src/CitySearch.js">
      <metrics statements="14" coveredstatements="14" conditionals="2" coveredconditionals="2" methods="8" coveredmethods="8"/>
      <line num="4" count="5" type="stmt"/>
      <line num="9" count="5" type="stmt"/>
      <line num="10" count="2" type="stmt"/>
      <line num="11" count="2" type="stmt"/>
      <line num="12" count="4" type="stmt"/>
      <line num="14" count="2" type="stmt"/>
      <line num="21" count="5" type="stmt"/>
      <line num="22" count="4" type="stmt"/>
      <line num="27" count="4" type="stmt"/>
      <line num="31" count="24" type="stmt"/>
      <line num="38" count="2" type="stmt"/>
      <line num="42" count="23" type="stmt"/>
      <line num="44" count="2" type="stmt"/>
      <line num="47" count="1" type="stmt"/>
    </file>
    <file name="Event.js" path="/Users/mccotter/McCotter/McCotter Portfolio/04 Acheivement 4/social-eyes/src/Event.js">
      <metrics statements="8" coveredstatements="8" conditionals="8" coveredconditionals="8" methods="2" coveredmethods="2"/>
      <line num="6" count="9" type="stmt"/>
      <line num="10" count="9" type="stmt"/>
      <line num="11" count="2" type="cond" truecount="2" falsecount="0"/>
      <line num="12" count="1" type="stmt"/>
      <line num="14" count="1" type="stmt"/>
      <line num="19" count="23" type="stmt"/>
      <line num="20" count="23" type="stmt"/>
      <line num="22" count="23" type="stmt"/>
    </file>
    <file name="EventList.js" path="/Users/mccotter/McCotter/McCotter Portfolio/04 Acheivement 4/social-eyes/src/EventList.js">
      <metrics statements="3" coveredstatements="3" conditionals="0" coveredconditionals="0" methods="2" coveredmethods="2"/>
      <line num="7" count="9" type="stmt"/>
      <line num="9" count="9" type="stmt"/>
      <line num="12" count="18" type="stmt"/>
    </file>
    <file name="NumberOfEvents.js" path="/Users/mccotter/McCotter/McCotter Portfolio/04 Acheivement 4/social-eyes/src/NumberOfEvents.js">
      <metrics statements="5" coveredstatements="5" conditionals="0" coveredconditionals="0" methods="2" coveredmethods="2"/>
      <line num="4" count="5" type="stmt"/>
      <line num="8" count="5" type="stmt"/>
      <line num="9" count="1" type="stmt"/>
      <line num="10" count="1" type="stmt"/>
      <line num="16" count="11" type="stmt"/>
    </file>
    <file name="api.js" path="/Users/mccotter/McCotter/McCotter Portfolio/04 Acheivement 4/social-eyes/src/api.js">
      <metrics statements="6" coveredstatements="6" conditionals="0" coveredconditionals="0" methods="3" coveredmethods="3"/>
      <line num="3" count="2" type="stmt"/>
      <line num="4" count="9" type="stmt"/>
      <line num="7" count="2" type="stmt"/>
      <line num="8" count="12" type="stmt"/>
      <line num="9" count="6" type="stmt"/>
      <line num="10" count="6" type="stmt"/>
    </file>
    <file name="mock-data.js" path="/Users/mccotter/McCotter/McCotter Portfolio/04 Acheivement 4/social-eyes/src/mock-data.js">
      <metrics statements="1" coveredstatements="1" conditionals="0" coveredconditionals="0" methods="0" coveredmethods="0"/>
      <line num="1" count="3" type="stmt"/>
    </file>
  </project>
</coverage>
