{"/Users/mccotter/McCotter/McCotter Portfolio/04 Acheivement 4/social-eyes/src/App.js": {"path":"/Users/mccotter/McCotter/McCotter Portfolio/04 Acheivement 4/social-eyes/src/App.js","statementMap":{"0":{"start":{"line":9,"column":10},"end":{"line":12,"column":3}},"1":{"start":{"line":14,"column":17},"end":{"line":23,"column":3}},"2":{"start":{"line":15,"column":4},"end":{"line":22,"column":7}},"3":{"start":{"line":16,"column":29},"end":{"line":18,"column":59}},"4":{"start":{"line":18,"column":31},"end":{"line":18,"column":58}},"5":{"start":{"line":19,"column":6},"end":{"line":21,"column":9}},"6":{"start":{"line":26,"column":4},"end":{"line":26,"column":24}},"7":{"start":{"line":27,"column":4},"end":{"line":31,"column":7}},"8":{"start":{"line":28,"column":6},"end":{"line":30,"column":7}},"9":{"start":{"line":29,"column":8},"end":{"line":29,"column":71}},"10":{"start":{"line":35,"column":4},"end":{"line":35,"column":25}},"11":{"start":{"line":39,"column":4},"end":{"line":45,"column":6}}},"fnMap":{"0":{"name":"(anonymous_0)","decl":{"start":{"line":14,"column":17},"end":{"line":14,"column":18}},"loc":{"start":{"line":14,"column":31},"end":{"line":23,"column":3}},"line":14},"1":{"name":"(anonymous_1)","decl":{"start":{"line":15,"column":21},"end":{"line":15,"column":22}},"loc":{"start":{"line":15,"column":33},"end":{"line":22,"column":5}},"line":15},"2":{"name":"(anonymous_2)","decl":{"start":{"line":18,"column":20},"end":{"line":18,"column":21}},"loc":{"start":{"line":18,"column":31},"end":{"line":18,"column":58}},"line":18},"3":{"name":"(anonymous_3)","decl":{"start":{"line":25,"column":2},"end":{"line":25,"column":3}},"loc":{"start":{"line":25,"column":22},"end":{"line":32,"column":3}},"line":25},"4":{"name":"(anonymous_4)","decl":{"start":{"line":27,"column":21},"end":{"line":27,"column":22}},"loc":{"start":{"line":27,"column":33},"end":{"line":31,"column":5}},"line":27},"5":{"name":"(anonymous_5)","decl":{"start":{"line":34,"column":2},"end":{"line":34,"column":3}},"loc":{"start":{"line":34,"column":24},"end":{"line":36,"column":3}},"line":34},"6":{"name":"(anonymous_6)","decl":{"start":{"line":38,"column":2},"end":{"line":38,"column":3}},"loc":{"start":{"line":38,"column":12},"end":{"line":46,"column":3}},"line":38}},"branchMap":{"0":{"loc":{"start":{"line":16,"column":29},"end":{"line":18,"column":59}},"type":"cond-expr","locations":[{"start":{"line":17,"column":6},"end":{"line":17,"column":12}},{"start":{"line":18,"column":6},"end":{"line":18,"column":59}}],"line":16},"1":{"loc":{"start":{"line":28,"column":6},"end":{"line":30,"column":7}},"type":"if","locations":[{"start":{"line":28,"column":6},"end":{"line":30,"column":7}},{"start":{"line":28,"column":6},"end":{"line":30,"column":7}}],"line":28}},"s":{"0":5,"1":5,"2":2,"3":2,"4":2,"5":2,"6":5,"7":5,"8":5,"9":3,"10":4,"11":10},"f":{"0":2,"1":2,"2":2,"3":5,"4":5,"5":4,"6":10},"b":{"0":[1,1],"1":[3,2]},"_coverageSchema":"1a1c01bbd47fc00a2c39e90264f33305004495a9","hash":"c14bad1e8d4d82cdb9e0ea37f0c14e07132ad52f"}
,"/Users/mccotter/McCotter/McCotter Portfolio/04 Acheivement 4/social-eyes/src/CitySearch.js": {"path":"/Users/mccotter/McCotter/McCotter Portfolio/04 Acheivement 4/social-eyes/src/CitySearch.js","statementMap":{"0":{"start":{"line":4,"column":10},"end":{"line":8,"column":3}},"1":{"start":{"line":9,"column":23},"end":{"line":18,"column":3}},"2":{"start":{"line":10,"column":18},"end":{"line":10,"column":36}},"3":{"start":{"line":11,"column":24},"end":{"line":13,"column":6}},"4":{"start":{"line":12,"column":6},"end":{"line":12,"column":70}},"5":{"start":{"line":14,"column":4},"end":{"line":17,"column":7}},"6":{"start":{"line":21,"column":22},"end":{"line":28,"column":3}},"7":{"start":{"line":22,"column":4},"end":{"line":25,"column":7}},"8":{"start":{"line":27,"column":4},"end":{"line":27,"column":40}},"9":{"start":{"line":31,"column":4},"end":{"line":52,"column":6}},"10":{"start":{"line":38,"column":26},"end":{"line":38,"column":66}},"11":{"start":{"line":42,"column":12},"end":{"line":45,"column":30}},"12":{"start":{"line":44,"column":27},"end":{"line":44,"column":61}},"13":{"start":{"line":47,"column":39},"end":{"line":47,"column":68}}},"fnMap":{"0":{"name":"(anonymous_0)","decl":{"start":{"line":9,"column":23},"end":{"line":9,"column":24}},"loc":{"start":{"line":9,"column":34},"end":{"line":18,"column":3}},"line":9},"1":{"name":"(anonymous_1)","decl":{"start":{"line":11,"column":52},"end":{"line":11,"column":53}},"loc":{"start":{"line":11,"column":66},"end":{"line":13,"column":5}},"line":11},"2":{"name":"(anonymous_2)","decl":{"start":{"line":21,"column":22},"end":{"line":21,"column":23}},"loc":{"start":{"line":21,"column":38},"end":{"line":28,"column":3}},"line":21},"3":{"name":"(anonymous_3)","decl":{"start":{"line":30,"column":2},"end":{"line":30,"column":3}},"loc":{"start":{"line":30,"column":11},"end":{"line":53,"column":3}},"line":30},"4":{"name":"(anonymous_4)","decl":{"start":{"line":38,"column":19},"end":{"line":38,"column":20}},"loc":{"start":{"line":38,"column":25},"end":{"line":38,"column":68}},"line":38},"5":{"name":"(anonymous_5)","decl":{"start":{"line":41,"column":38},"end":{"line":41,"column":39}},"loc":{"start":{"line":42,"column":12},"end":{"line":45,"column":30}},"line":42},"6":{"name":"(anonymous_6)","decl":{"start":{"line":44,"column":21},"end":{"line":44,"column":22}},"loc":{"start":{"line":44,"column":27},"end":{"line":44,"column":61}},"line":44},"7":{"name":"(anonymous_7)","decl":{"start":{"line":47,"column":33},"end":{"line":47,"column":34}},"loc":{"start":{"line":47,"column":39},"end":{"line":47,"column":68}},"line":47}},"branchMap":{"0":{"loc":{"start":{"line":40,"column":43},"end":{"line":40,"column":95}},"type":"cond-expr","locations":[{"start":{"line":40,"column":72},"end":{"line":40,"column":74}},{"start":{"line":40,"column":76},"end":{"line":40,"column":95}}],"line":40}},"s":{"0":5,"1":5,"2":2,"3":2,"4":4,"5":2,"6":5,"7":4,"8":4,"9":24,"10":2,"11":23,"12":2,"13":1},"f":{"0":2,"1":4,"2":4,"3":24,"4":2,"5":23,"6":2,"7":1},"b":{"0":[2,22]},"_coverageSchema":"1a1c01bbd47fc00a2c39e90264f33305004495a9","hash":"a7d222c1c8d9509a18da9b903a2119f54c103ef4"}
,"/Users/mccotter/McCotter/McCotter Portfolio/04 Acheivement 4/social-eyes/src/Event.js": {"path":"/Users/mccotter/McCotter/McCotter Portfolio/04 Acheivement 4/social-eyes/src/Event.js","statementMap":{"0":{"start":{"line":6,"column":10},"end":{"line":8,"column":3}},"1":{"start":{"line":10,"column":22},"end":{"line":16,"column":3}},"2":{"start":{"line":11,"column":4},"end":{"line":15,"column":5}},"3":{"start":{"line":12,"column":6},"end":{"line":12,"column":42}},"4":{"start":{"line":14,"column":6},"end":{"line":14,"column":43}},"5":{"start":{"line":19,"column":26},"end":{"line":19,"column":48}},"6":{"start":{"line":20,"column":24},"end":{"line":20,"column":34}},"7":{"start":{"line":22,"column":8},"end":{"line":43,"column":9}}},"fnMap":{"0":{"name":"(anonymous_0)","decl":{"start":{"line":10,"column":22},"end":{"line":10,"column":23}},"loc":{"start":{"line":10,"column":28},"end":{"line":16,"column":3}},"line":10},"1":{"name":"(anonymous_1)","decl":{"start":{"line":18,"column":4},"end":{"line":18,"column":5}},"loc":{"start":{"line":18,"column":13},"end":{"line":44,"column":7}},"line":18}},"branchMap":{"0":{"loc":{"start":{"line":11,"column":4},"end":{"line":15,"column":5}},"type":"if","locations":[{"start":{"line":11,"column":4},"end":{"line":15,"column":5}},{"start":{"line":11,"column":4},"end":{"line":15,"column":5}}],"line":11},"1":{"loc":{"start":{"line":27,"column":11},"end":{"line":29,"column":11}},"type":"binary-expr","locations":[{"start":{"line":27,"column":11},"end":{"line":27,"column":23}},{"start":{"line":28,"column":10},"end":{"line":28,"column":99}}],"line":27},"2":{"loc":{"start":{"line":30,"column":11},"end":{"line":32,"column":11}},"type":"binary-expr","locations":[{"start":{"line":30,"column":11},"end":{"line":30,"column":22}},{"start":{"line":31,"column":12},"end":{"line":31,"column":101}}],"line":30},"3":{"loc":{"start":{"line":33,"column":11},"end":{"line":41,"column":11}},"type":"binary-expr","locations":[{"start":{"line":33,"column":11},"end":{"line":33,"column":22}},{"start":{"line":34,"column":12},"end":{"line":40,"column":18}}],"line":33}},"s":{"0":9,"1":9,"2":2,"3":1,"4":1,"5":23,"6":23,"7":23},"f":{"0":2,"1":23},"b":{"0":[1,1],"1":[23,19],"2":[23,4],"3":[23,4]},"_coverageSchema":"1a1c01bbd47fc00a2c39e90264f33305004495a9","hash":"6eb8d4d1836fe50370511bf7db487aef0f5e5c32"}
,"/Users/mccotter/McCotter/McCotter Portfolio/04 Acheivement 4/social-eyes/src/EventList.js": {"path":"/Users/mccotter/McCotter/McCotter Portfolio/04 Acheivement 4/social-eyes/src/EventList.js","statementMap":{"0":{"start":{"line":7,"column":19},"end":{"line":7,"column":27}},"1":{"start":{"line":9,"column":4},"end":{"line":17,"column":6}},"2":{"start":{"line":12,"column":10},"end":{"line":14,"column":15}}},"fnMap":{"0":{"name":"(anonymous_0)","decl":{"start":{"line":6,"column":2},"end":{"line":6,"column":3}},"loc":{"start":{"line":6,"column":11},"end":{"line":18,"column":3}},"line":6},"1":{"name":"(anonymous_1)","decl":{"start":{"line":11,"column":20},"end":{"line":11,"column":21}},"loc":{"start":{"line":12,"column":10},"end":{"line":14,"column":15}},"line":12}},"branchMap":{},"s":{"0":9,"1":9,"2":18},"f":{"0":9,"1":18},"b":{},"_coverageSchema":"1a1c01bbd47fc00a2c39e90264f33305004495a9","hash":"61034c84222d64f2ffae440391379f0e8427da9f"}
,"/Users/mccotter/McCotter/McCotter Portfolio/04 Acheivement 4/social-eyes/src/NumberOfEvents.js": {"path":"/Users/mccotter/McCotter/McCotter Portfolio/04 Acheivement 4/social-eyes/src/NumberOfEvents.js","statementMap":{"0":{"start":{"line":4,"column":10},"end":{"line":6,"column":3}},"1":{"start":{"line":8,"column":23},"end":{"line":13,"column":3}},"2":{"start":{"line":9,"column":18},"end":{"line":9,"column":36}},"3":{"start":{"line":10,"column":4},"end":{"line":12,"column":6}},"4":{"start":{"line":16,"column":4},"end":{"line":26,"column":6}}},"fnMap":{"0":{"name":"(anonymous_0)","decl":{"start":{"line":8,"column":23},"end":{"line":8,"column":24}},"loc":{"start":{"line":8,"column":34},"end":{"line":13,"column":3}},"line":8},"1":{"name":"(anonymous_1)","decl":{"start":{"line":15,"column":2},"end":{"line":15,"column":3}},"loc":{"start":{"line":15,"column":11},"end":{"line":27,"column":3}},"line":15}},"branchMap":{},"s":{"0":5,"1":5,"2":1,"3":1,"4":11},"f":{"0":1,"1":11},"b":{},"_coverageSchema":"1a1c01bbd47fc00a2c39e90264f33305004495a9","hash":"9050990f43eee223eef7470f30bcee9d1abd594f"}
,"/Users/mccotter/McCotter/McCotter Portfolio/04 Acheivement 4/social-eyes/src/api.js": {"path":"/Users/mccotter/McCotter/McCotter Portfolio/04 Acheivement 4/social-eyes/src/api.js","statementMap":{"0":{"start":{"line":3,"column":25},"end":{"line":5,"column":1}},"1":{"start":{"line":4,"column":2},"end":{"line":4,"column":18}},"2":{"start":{"line":7,"column":32},"end":{"line":11,"column":1}},"3":{"start":{"line":8,"column":25},"end":{"line":8,"column":62}},"4":{"start":{"line":8,"column":47},"end":{"line":8,"column":61}},"5":{"start":{"line":9,"column":18},"end":{"line":9,"column":48}},"6":{"start":{"line":10,"column":2},"end":{"line":10,"column":19}}},"fnMap":{"0":{"name":"(anonymous_0)","decl":{"start":{"line":3,"column":25},"end":{"line":3,"column":26}},"loc":{"start":{"line":3,"column":37},"end":{"line":5,"column":1}},"line":3},"1":{"name":"(anonymous_1)","decl":{"start":{"line":7,"column":32},"end":{"line":7,"column":33}},"loc":{"start":{"line":7,"column":44},"end":{"line":11,"column":1}},"line":7},"2":{"name":"(anonymous_2)","decl":{"start":{"line":8,"column":36},"end":{"line":8,"column":37}},"loc":{"start":{"line":8,"column":47},"end":{"line":8,"column":61}},"line":8}},"branchMap":{},"s":{"0":2,"1":9,"2":2,"3":6,"4":12,"5":6,"6":6},"f":{"0":9,"1":6,"2":12},"b":{},"_coverageSchema":"1a1c01bbd47fc00a2c39e90264f33305004495a9","hash":"03aafb349f4a11605257b6bb3a2f95bf4ee56968"}
,"/Users/mccotter/McCotter/McCotter Portfolio/04 Acheivement 4/social-eyes/src/mock-data.js": {"path":"/Users/mccotter/McCotter/McCotter Portfolio/04 Acheivement 4/social-eyes/src/mock-data.js","statementMap":{"0":{"start":{"line":1,"column":17},"end":{"line":78,"column":1}}},"fnMap":{},"branchMap":{},"s":{"0":3},"f":{},"b":{},"_coverageSchema":"1a1c01bbd47fc00a2c39e90264f33305004495a9","hash":"b50b5126153dc2925a70d9771c0531685eab6976"}
}
