TN:
SF:src/CitySearch.js
FN:8,(anonymous_0)
FN:10,(anonymous_1)
FN:18,(anonymous_2)
FN:24,(anonymous_3)
FN:34,(anonymous_4)
FN:37,(anonymous_5)
FNF:6
FNH:6
FNDA:2,(anonymous_0)
FNDA:4,(anonymous_1)
FNDA:1,(anonymous_2)
FNDA:8,(anonymous_3)
FNDA:8,(anonymous_4)
FNDA:1,(anonymous_5)
DA:4,1
DA:8,1
DA:9,2
DA:10,2
DA:11,4
DA:13,2
DA:18,1
DA:19,1
DA:25,8
DA:35,8
DA:37,1
LF:11
LH:11
BRF:0
BRH:0
end_of_record
TN:
SF:src/Event.js
FN:10,(anonymous_0)
FN:18,(anonymous_1)
FNF:2
FNH:2
FNDA:2,(anonymous_0)
FNDA:7,(anonymous_1)
DA:6,1
DA:10,1
DA:11,2
DA:12,1
DA:14,1
DA:19,7
DA:20,7
DA:21,7
LF:8
LH:8
BRDA:11,0,0,1
BRDA:11,0,1,1
BRDA:26,1,0,7
BRDA:26,1,1,3
BRDA:29,2,0,7
BRDA:29,2,1,4
BRDA:32,3,0,7
BRDA:32,3,1,4
BRF:8
BRH:8
end_of_record
TN:
SF:src/EventList.js
FN:5,(anonymous_0)
FN:9,(anonymous_1)
FNF:2
FNH:2
FNDA:1,(anonymous_0)
FNDA:2,(anonymous_1)
DA:6,1
DA:7,1
DA:10,2
LF:3
LH:3
BRF:0
BRH:0
end_of_record
TN:
SF:src/NumberOfEvents.js
FN:8,(anonymous_0)
FN:15,(anonymous_1)
FNF:2
FNH:2
FNDA:1,(anonymous_0)
FNDA:3,(anonymous_1)
DA:4,1
DA:8,1
DA:9,1
DA:10,1
DA:16,3
LF:5
LH:5
BRF:0
BRH:0
end_of_record
TN:
SF:src/api.js
FN:1,(anonymous_0)
FN:2,(anonymous_1)
FNF:2
FNH:2
FNDA:2,(anonymous_0)
FNDA:4,(anonymous_1)
DA:1,1
DA:2,4
DA:3,2
DA:4,2
LF:4
LH:4
BRF:0
BRH:0
end_of_record
TN:
SF:src/mock-data.js
FNF:0
FNH:0
DA:1,2
LF:1
LH:1
BRF:0
BRH:0
end_of_record
