TN:
SF:src/App.js
FN:14,(anonymous_0)
FN:15,(anonymous_1)
FN:18,(anonymous_2)
FN:25,(anonymous_3)
FN:27,(anonymous_4)
FN:34,(anonymous_5)
FN:38,(anonymous_6)
FNF:7
FNH:7
FNDA:2,(anonymous_0)
FNDA:2,(anonymous_1)
FNDA:2,(anonymous_2)
FNDA:5,(anonymous_3)
FNDA:5,(anonymous_4)
FNDA:4,(anonymous_5)
FNDA:10,(anonymous_6)
DA:9,5
DA:14,5
DA:15,2
DA:16,2
DA:18,2
DA:19,2
DA:26,5
DA:27,5
DA:28,5
DA:29,3
DA:35,4
DA:39,10
LF:12
LH:12
BRDA:16,0,0,1
BRDA:16,0,1,1
BRDA:28,1,0,3
BRDA:28,1,1,2
BRF:4
BRH:4
end_of_record
TN:
SF:src/CitySearch.js
FN:9,(anonymous_0)
FN:11,(anonymous_1)
FN:21,(anonymous_2)
FN:30,(anonymous_3)
FN:38,(anonymous_4)
FN:41,(anonymous_5)
FN:44,(anonymous_6)
FN:47,(anonymous_7)
FNF:8
FNH:8
FNDA:2,(anonymous_0)
FNDA:4,(anonymous_1)
FNDA:4,(anonymous_2)
FNDA:24,(anonymous_3)
FNDA:2,(anonymous_4)
FNDA:23,(anonymous_5)
FNDA:2,(anonymous_6)
FNDA:1,(anonymous_7)
DA:4,5
DA:9,5
DA:10,2
DA:11,2
DA:12,4
DA:14,2
DA:21,5
DA:22,4
DA:27,4
DA:31,24
DA:38,2
DA:42,23
DA:44,2
DA:47,1
LF:14
LH:14
BRDA:40,0,0,2
BRDA:40,0,1,22
BRF:2
BRH:2
end_of_record
TN:
SF:src/Event.js
FN:10,(anonymous_0)
FN:18,(anonymous_1)
FNF:2
FNH:2
FNDA:2,(anonymous_0)
FNDA:23,(anonymous_1)
DA:6,9
DA:10,9
DA:11,2
DA:12,1
DA:14,1
DA:19,23
DA:20,23
DA:22,23
LF:8
LH:8
BRDA:11,0,0,1
BRDA:11,0,1,1
BRDA:27,1,0,23
BRDA:27,1,1,19
BRDA:30,2,0,23
BRDA:30,2,1,4
BRDA:33,3,0,23
BRDA:33,3,1,4
BRF:8
BRH:8
end_of_record
TN:
SF:src/EventList.js
FN:6,(anonymous_0)
FN:11,(anonymous_1)
FNF:2
FNH:2
FNDA:9,(anonymous_0)
FNDA:18,(anonymous_1)
DA:7,9
DA:9,9
DA:12,18
LF:3
LH:3
BRF:0
BRH:0
end_of_record
TN:
SF:src/NumberOfEvents.js
FN:8,(anonymous_0)
FN:15,(anonymous_1)
FNF:2
FNH:2
FNDA:1,(anonymous_0)
FNDA:11,(anonymous_1)
DA:4,5
DA:8,5
DA:9,1
DA:10,1
DA:16,11
LF:5
LH:5
BRF:0
BRH:0
end_of_record
TN:
SF:src/api.js
FN:3,(anonymous_0)
FN:7,(anonymous_1)
FN:8,(anonymous_2)
FNF:3
FNH:3
FNDA:9,(anonymous_0)
FNDA:6,(anonymous_1)
FNDA:12,(anonymous_2)
DA:3,2
DA:4,9
DA:7,2
DA:8,12
DA:9,6
DA:10,6
LF:6
LH:6
BRF:0
BRH:0
end_of_record
TN:
SF:src/mock-data.js
FNF:0
FNH:0
DA:1,3
LF:1
LH:1
BRF:0
BRH:0
end_of_record
